[INFO]	2021-06-04 12:51:41,471	file.level4_step_top:165	ここでログを吐きたい！
[INFO]	2021-06-04 12:51:55,864	file.level4_step_top:165	ここでログを吐きたい！
[INFO]	2021-06-04 12:57:40,874	file.level4_step_top:165	s-ueda
[INFO]	2021-06-04 12:57:40,875	file.level4_step_top:166	133000000
[INFO]	2021-06-04 12:57:40,876	file.level4_step_top:167	IT
[INFO]	2021-06-04 13:26:00,746	file.level4_step_top:166	ITs-ueda133000000
[INFO]	2021-06-04 13:27:04,484	file.level4_step_top:166	ITGs-uedaさん　ステップID：252000000
[INFO]	2021-06-04 13:28:27,503	file.level4_step_top:166	ITG　s-uedaさん　ステップID：133000000
[INFO]	2021-06-04 13:32:41,876	file.level4_step_top:166	ITG　s-uedaさん　ステップID：231000000
[INFO]	2021-06-04 13:34:07,646	file.level4_step_top:166	ITG　y-kawauchiさん　ステップID：231000000
[INFO]	2021-06-04 13:46:52,310	file.level4_step_top:166	ITG　y-kawauchiさん　ステップID：231000000
[INFO]	2021-06-04 13:47:37,539	file.level4_step_top:166	ITG　y-kawauchiさん　ステップID：232000000
[INFO]	2021-06-04 13:49:04,902	file.level4_step_top:166	ITG　y-kawauchiさん　ステップID：231000000
[INFO]	2021-06-04 17:15:05,554	file.level4_step_top:166	ITG　y-kawauchiさん　ステップID：232000000
[INFO]	2021-06-04 17:17:23,074	file.level4_step_top:166	ITG　y-kawauchiさん　ステップID：231000000
[INFO]	2021-06-04 17:35:46,736	file.level4_step_top:166	ITG　y-kawauchiさん　ステップID：231000000
[INFO]	2021-06-04 17:36:00,337	file.level4_step_top:166	ITG　y-kawauchiさん　ステップID：232000000
[INFO]	2021-06-04 17:41:45,489	file.level4_step_top:166	ITG　y-kawauchiさん　ステップID：133000000
[INFO]	2021-06-04 17:45:14,012	file.level4_step_top:166	ITG　y-kawauchiさん　ステップID：232000000
[INFO]	2021-06-04 17:51:28,851	file.level4_step_top:166	ITG　y-kawauchiさん　ステップID：232000000
[INFO]	2021-06-07 12:05:35,756	file.level4_step_top:166	ITG　y-kawauchiさん　ステップID：232000000
[INFO]	2021-06-07 12:22:44,734	file.level4_step_top:166	ITG　y-kawauchiさん　ステップID：231000000
[INFO]	2021-06-07 12:22:46,812	file.level4_step_top:166	ITG　y-kawauchiさん　ステップID：232000000
[INFO]	2021-06-07 12:29:22,623	file.level4_step_top:166	ITG　y-kawauchiさん　ステップID：133000000
[INFO]	2021-06-07 15:15:33,251	file.level4_step_top:166	ITG　y-kawauchiさん　ステップID：232000000
[INFO]	2021-06-07 15:15:40,489	file.level4_step_top:166	ITG　y-kawauchiさん　ステップID：231000000
[INFO]	2021-06-08 09:34:35,057	file.level4_step_top:166	ITG　y-kawauchiさん　ステップID：232000000
[INFO]	2021-06-08 09:34:37,563	file.level4_step_top:166	ITG　y-kawauchiさん　ステップID：231000000
[INFO]	2021-06-08 09:34:45,472	file.level4_step_top:166	ITG　y-kawauchiさん　ステップID：231000000
[INFO]	2021-06-08 12:28:39,552	file.level4_step_top:166	ITG　y-kawauchiさん　ステップID：231000000
[INFO]	2021-06-08 14:39:42,821	file.level4_step_top:166	ITG　y-kawauchiさん　ステップID：232000000
[INFO]	2021-06-08 14:45:59,725	file.level4_step_top:166	ITG　y-kawauchiさん　ステップID：231000000
[INFO]	2021-06-08 14:54:31,317	file.level4_step_top:166	ITG　y-kawauchiさん　ステップID：241000000
[INFO]	2021-06-08 14:56:27,500	file.level4_step_top:166	ITG　y-kawauchiさん　ステップID：241000000
[INFO]	2021-06-09 08:52:14,575	file.level4_step_top:166	ITG　y-kawauchiさん　ステップID：231000000
[INFO]	2021-06-09 08:52:16,333	file.level4_step_top:166	ITG　y-kawauchiさん　ステップID：231000000
[INFO]	2021-06-09 09:28:07,115	file.level4_step_top:166	ITG　y-kawauchiさん　ステップID：231000000
[INFO]	2021-06-09 09:45:01,904	file.level4_step_top:166	ITG　y-kawauchiさん　ステップID：231000000
[INFO]	2021-06-09 11:13:36,069	file.level4_step_top:166	ITG　y-kawauchiさん　ステップID：231000000
[INFO]	2021-06-09 11:13:48,064	file.level4_step_top:166	ITG　y-kawauchiさん　ステップID：231000000
[INFO]	2021-06-09 13:08:05,469	file.level4_step_top:166	ITG　y-kawauchiさん　ステップID：233000000
[INFO]	2021-06-09 13:08:12,063	file.level4_step_top:166	ITG　y-kawauchiさん　ステップID：231000000
[INFO]	2021-06-10 09:57:20,450	file.level4_step_top:166	ITG　y-kawauchiさん　ステップID：231000000
[INFO]	2021-06-10 09:57:24,575	file.level4_step_top:166	ITG　y-kawauchiさん　ステップID：231000000
[INFO]	2021-06-10 09:57:38,414	file.level4_step_top:166	ITG　y-kawauchiさん　ステップID：231000000
[INFO]	2021-06-10 13:32:23,236	file.level4_step_top:166	ITG　y-kawauchiさん　ステップID：133000000
[INFO]	2021-06-10 15:20:43,355	file.level4_step_top:166	ITG　y-kawauchiさん　ステップID：231000000
[INFO]	2021-06-10 18:43:43,007	file.level4_step_top:166	ITG　y-kawauchiさん　ステップID：231000000
[INFO]	2021-06-11 09:03:09,834	file.level4_step_top:166	ITG　y-kawauchiさん　ステップID：231000000
[INFO]	2021-06-11 09:03:11,515	file.level4_step_top:166	ITG　y-kawauchiさん　ステップID：231000000
[INFO]	2021-06-14 09:33:57,033	file.level4_step_top:166	ITG　y-kawauchiさん　ステップID：231000000
[INFO]	2021-06-14 09:33:58,054	file.level4_step_top:166	ITG　y-kawauchiさん　ステップID：231000000
[INFO]	2021-06-14 13:09:01,628	file.level4_step_top:166	ITG　y-kawauchiさん　ステップID：231000000
[INFO]	2021-06-14 15:20:52,360	file.level4_step_top:166	ITG　y-kawauchiさん　ステップID：231000000
[INFO]	2021-06-14 15:21:00,591	file.level4_step_top:166	ITG　y-kawauchiさん　ステップID：232000000
[INFO]	2021-06-14 16:07:32,763	file.level4_step_top:166	ITG　y-kawauchiさん　ステップID：231000000
[INFO]	2021-06-14 16:07:38,576	file.level4_step_top:166	ITG　y-kawauchiさん　ステップID：231000000
[INFO]	2021-06-15 08:59:39,493	file.level4_step_top:166	ITG　y-kawauchiさん　ステップID：231000000
[INFO]	2021-06-15 08:59:41,358	file.level4_step_top:166	ITG　y-kawauchiさん　ステップID：231000000
[INFO]	2021-06-15 09:01:24,728	file.level4_step_top:166	ITG　y-kawauchiさん　ステップID：231000000
[INFO]	2021-06-15 09:01:42,394	file.level4_step_top:166	ITG　y-kawauchiさん　ステップID：232000000
[INFO]	2021-06-15 12:00:27,533	file.level4_step_top:166	ITG　y-kawauchiさん　ステップID：232000000
[INFO]	2021-06-15 12:02:26,986	file.level4_step_top:166	ITG　y-kawauchiさん　ステップID：232000000
[INFO]	2021-06-15 12:09:12,611	file.level4_step_top:166	ITG　y-kawauchiさん　ステップID：232000000
[INFO]	2021-06-15 12:50:00,001	file.level4_step_top:166	ITG　y-kawauchiさん　ステップID：231000000
[INFO]	2021-06-15 12:50:23,396	file.level4_step_top:166	ITG　y-kawauchiさん　ステップID：232000000
[INFO]	2021-06-15 12:50:35,487	file.level4_step_top:166	ITG　y-kawauchiさん　ステップID：233000000
[INFO]	2021-06-15 12:50:45,583	file.level4_step_top:166	ITG　y-kawauchiさん　ステップID：231000000
[INFO]	2021-06-15 14:27:07,796	file.level4_step_top:166	ITG　y-kawauchiさん　ステップID：232000000
[INFO]	2021-06-15 14:33:29,852	file.level4_step_top:166	ITG　y-kawauchiさん　ステップID：133000000
[INFO]	2021-06-15 17:24:49,362	file.level4_step_top:166	ITG　y-kawauchiさん　ステップID：231000000
[INFO]	2021-06-16 08:01:08,571	file.level4_step_top:166	ITG　y-kawauchiさん　ステップID：231000000
[INFO]	2021-06-16 09:04:14,584	file.level4_step_top:166	ITG　y-kawauchiさん　ステップID：133000000
[INFO]	2021-06-16 09:54:11,682	file.level4_step_top:166	ITG　y-kawauchiさん　ステップID：133000000
[INFO]	2021-06-16 11:05:29,570	file.level4_step_top:166	ITG　y-kawauchiさん　ステップID：231000000
[INFO]	2021-06-16 11:11:02,903	file.level4_step_top:166	ITG　y-kawauchiさん　ステップID：231000000
[INFO]	2021-06-16 11:11:21,097	file.level4_step_top:166	ITG　y-kawauchiさん　ステップID：231000000
[INFO]	2021-06-16 11:11:24,187	file.level4_step_top:166	ITG　y-kawauchiさん　ステップID：231000000
[INFO]	2021-06-16 12:02:05,925	file.level4_step_top:166	ITG　y-kawauchiさん　ステップID：133000000
[INFO]	2021-06-16 12:03:20,031	file.level4_step_top:166	ITG　y-kawauchiさん　ステップID：211000000
[INFO]	2021-06-16 12:04:27,103	file.level4_step_top:166	ITG　y-kawauchiさん　ステップID：133000000
[INFO]	2021-06-16 12:06:08,196	file.level4_step_top:166	ITG　y-kawauchiさん　ステップID：133000000
[INFO]	2021-06-16 13:15:04,477	file.level4_step_top:166	ITG　y-kawauchiさん　ステップID：231000000
[INFO]	2021-06-16 13:15:11,106	file.level4_step_top:166	ITG　y-kawauchiさん　ステップID：231000000
[INFO]	2021-06-16 13:28:19,828	file.level4_step_top:166	ITG　y-kawauchiさん　ステップID：231000000
[INFO]	2021-06-16 13:28:28,960	file.level4_step_top:166	ITG　y-kawauchiさん　ステップID：232000000
[INFO]	2021-06-16 16:39:10,026	file.level4_step_top:166	ITG　y-kawauchiさん　ステップID：231000000
[INFO]	2021-06-17 11:31:57,184	file.level4_step_top:166	ITG　y-kawauchiさん　ステップID：232000000
[INFO]	2021-06-17 11:31:58,736	file.level4_step_top:166	ITG　y-kawauchiさん　ステップID：232000000
[INFO]	2021-06-17 15:49:42,963	file.level4_step_top:166	ITG　y-kawauchiさん　ステップID：133000000
[INFO]	2021-06-17 15:50:15,882	file.level4_step_top:166	ITG　y-kawauchiさん　ステップID：133000000
[INFO]	2021-06-18 09:08:53,100	file.level4_step_top:166	ITG　y-kawauchiさん　ステップID：232000000
[INFO]	2021-06-21 10:39:33,185	file.level4_step_top:166	ITG　y-kawauchiさん　ステップID：133000000
[INFO]	2021-06-21 10:41:42,001	file.level4_step_top:166	ITG　y-kawauchiさん　ステップID：133000000
[INFO]	2021-06-21 14:49:49,192	file.level4_step_top:166	ITG　y-kawauchiさん　ステップID：133000000
