[INFO]	2022-06-10 10:42:04,936	info	[common_views.py:2723].mail_send:{
From:<設備管理システム通知:長張広幸>h-nagahari@iskweb.co.jp
To:h-nagahari@iskweb.co.jp
Subject:[テスト環境]【設備管理システム通知】進捗通知
Body:[テスト環境]
通知内容：以下の工程に進捗が進みました。
案件名：メール通知機能確認２
依頼ID：803030
原課担当部署：業務管理システムG
原課担当者：長張　広幸

工程：小口CS承認
次部署：業務管理システムG
次作業者：長張広幸

}
[INFO]	2022-06-15 05:26:50,788	info	[common_views.py:2724].mail_send:{
From:<設備管理システム通知:山本真生>mas-yamamoto@iskweb.co.jp
To:mas-yamamoto@iskweb.co.jp
Subject:[テスト環境]【設備管理システム通知】進捗通知
Body:[テスト環境]
通知内容：以下の工程に進捗が進みました。
案件名：小口CSフロー確認1
依頼ID：803032
原課担当部署：設備戦略G
原課担当者：山本　真生

工程：小口CS法令施設確認
次部署：設備戦略G
次作業者：山本真生

}
[INFO]	2022-06-15 08:05:42,076	info	[common_views.py:2724].mail_send:{
From:<設備管理システム通知:山本真生>mas-yamamoto@iskweb.co.jp
To:mas-yamamoto@iskweb.co.jp
Subject:[テスト環境]【設備管理システム通知】進捗通知
Body:[テスト環境]
通知内容：以下の工程に進捗が進みました。
案件名：小口CSフロー確認2
依頼ID：803033
原課担当部署：設備戦略G
原課担当者：山本　真生

工程：小口CS法令施設確認
次部署：設備戦略G
次作業者：山本真生

}
[INFO]	2022-06-15 08:19:11,578	info	[common_views.py:2724].mail_send:{
From:<設備管理システム通知:山本真生>mas-yamamoto@iskweb.co.jp
To:mas-yamamoto@iskweb.co.jp
Subject:[テスト環境]【設備管理システム通知】進捗通知
Body:[テスト環境]
通知内容：以下の工程に進捗が進みました。
案件名：小口CSフロー確認3
依頼ID：803034
原課担当部署：設備戦略G
原課担当者：山本　真生

工程：小口CS法令施設確認
次部署：設備戦略G
次作業者：山本真生

}
[INFO]	2022-06-15 13:32:41,774	info	[common_views.py:2724].mail_send:{
From:<設備管理システム通知:山本真生>mas-yamamoto@iskweb.co.jp
To:mas-yamamoto@iskweb.co.jp
Subject:[テスト環境]【設備管理システム通知】小口届出チェック完了
Body:[テスト環境]
通知内容：小口届出チェックが完了しました。小口依頼を行ってください。
案件名：小口CSフロー確認2
依頼ID：803033
原課担当部署：設備戦略G
原課担当者：山本　真生

工程：小口依頼
次部署：設備戦略G
次作業者：山本真生

}
[INFO]	2022-06-15 13:36:23,910	info	[common_views.py:2724].mail_send:{
From:<設備管理システム通知:山本真生>mas-yamamoto@iskweb.co.jp
To:mas-yamamoto@iskweb.co.jp
Subject:[テスト環境]【設備管理システム通知】進捗通知
Body:[テスト環境]
通知内容：以下の工程に進捗が進みました。
案件名：小口CSフロー確認3
依頼ID：803034
原課担当部署：設備戦略G
原課担当者：山本　真生

工程：小口CS承認
次部署：設備戦略G
次作業者：山本真生

}
[INFO]	2022-06-15 13:36:58,363	info	[common_views.py:2724].mail_send:{
From:<設備管理システム通知:山本真生>mas-yamamoto@iskweb.co.jp
To:mas-yamamoto@iskweb.co.jp
Subject:[テスト環境]【設備管理システム通知】進捗通知
Body:[テスト環境]
通知内容：以下の工程に進捗が進みました。
案件名：小口CSフロー確認3
依頼ID：803034
原課担当部署：設備戦略G
原課担当者：山本　真生

工程：所管部署担当確認
次部署：安全衛生･保安G
次作業者：山本真生

}
[INFO]	2022-06-15 13:36:58,575	info	[common_views.py:2724].mail_send:{
From:<設備管理システム通知:山本真生>mas-yamamoto@iskweb.co.jp
To:mas-yamamoto@iskweb.co.jp
Subject:[テスト環境]【設備管理システム通知】進捗通知
Body:[テスト環境]
通知内容：以下の工程に進捗が進みました。
案件名：小口CSフロー確認3
依頼ID：803034
原課担当部署：設備戦略G
原課担当者：山本　真生

工程：所管部署担当確認
次部署：環境G
次作業者：山本真生

}
[INFO]	2022-06-15 13:38:07,917	info	[common_views.py:2724].mail_send:{
From:<設備管理システム通知:山本真生>mas-yamamoto@iskweb.co.jp
To:mas-yamamoto@iskweb.co.jp
Subject:[テスト環境]【設備管理システム通知】進捗通知
Body:[テスト環境]
通知内容：以下の工程に進捗が進みました。
案件名：小口CSフロー確認3
依頼ID：803034
原課担当部署：設備戦略G
原課担当者：山本　真生

工程：小口CS承認
次部署：設備戦略G
次作業者：山本真生

}
[INFO]	2022-06-16 05:22:26,280	info	[common_views.py:2724].mail_send:{
From:<設備管理システム通知:富田大輔>d-tomita@iskweb.co.jp
To:mas-yamamoto@iskweb.co.jp
Subject:[テスト環境]【設備管理システム通知】進捗通知
Body:[テスト環境]
通知内容：以下の工程に進捗が進みました。
案件名：小口CSフロー確認11
依頼ID：803035
原課担当部署：設備戦略G
原課担当者：富田　大輔

工程：小口CS法令施設確認
次部署：設備戦略G
次作業者：山本真生

}
[INFO]	2022-06-17 11:41:30,040	info	[common_views.py:2724].mail_send:{
From:<設備管理システム通知:岡良明>y-oka@iskweb.co.jp
To:d-tomita@iskweb.co.jp
Subject:[テスト環境]【設備管理システム通知】進捗通知
Body:[テスト環境]
通知内容：以下の工程に進捗が進みました。
案件名：小口CSフロー確認11
依頼ID：803035
原課担当部署：設備戦略G
原課担当者：富田　大輔

工程：小口CS承認
次部署：設備戦略G
次作業者：富田大輔

}
[INFO]	2022-06-17 11:42:05,822	info	[common_views.py:2724].mail_send:{
From:<設備管理システム通知:岡良明>y-oka@iskweb.co.jp
To:y-oka@iskweb.co.jp
Subject:[テスト環境]【設備管理システム通知】進捗通知
Body:[テスト環境]
通知内容：以下の工程に進捗が進みました。
案件名：小口CSフロー確認11
依頼ID：803035
原課担当部署：設備戦略G
原課担当者：富田　大輔

工程：小口CS法令施設確認
次部署：設備戦略G
次作業者：岡良明

}
[INFO]	2022-06-17 11:42:40,679	info	[common_views.py:2724].mail_send:{
From:<設備管理システム通知:岡良明>y-oka@iskweb.co.jp
To:d-tomita@iskweb.co.jp
Subject:[テスト環境]【設備管理システム通知】進捗通知
Body:[テスト環境]
通知内容：以下の工程に進捗が進みました。
案件名：小口CSフロー確認11
依頼ID：803035
原課担当部署：設備戦略G
原課担当者：富田　大輔

工程：小口CS承認
次部署：設備戦略G
次作業者：富田大輔

}
[INFO]	2022-06-17 11:43:11,035	info	[common_views.py:2724].mail_send:{
From:<設備管理システム通知:富田大輔>d-tomita@iskweb.co.jp
To:y-oka@iskweb.co.jp
Subject:[テスト環境]【設備管理システム通知】進捗通知
Body:[テスト環境]
通知内容：以下の工程に進捗が進みました。
案件名：小口CSフロー確認11
依頼ID：803035
原課担当部署：設備戦略G
原課担当者：富田　大輔

工程：小口CS法令施設確認
次部署：設備戦略G
次作業者：岡良明

}
[INFO]	2022-06-17 13:38:21,954	info	[common_views.py:2724].mail_send:{
From:<設備管理システム通知:岡良明>y-oka@iskweb.co.jp
To:mas-yamamoto@iskweb.co.jp
Subject:[テスト環境]【設備管理システム通知】進捗通知
Body:[テスト環境]
通知内容：以下の工程に進捗が進みました。
案件名：小口CSフロー確認11
依頼ID：803035
原課担当部署：設備戦略G
原課担当者：富田　大輔

工程：小口CS承認
次部署：設備戦略G
次作業者：山本真生

}
[INFO]	2022-06-17 15:32:37,572	info	[common_views.py:2724].mail_send:{
From:<設備管理システム通知:山本真生>mas-yamamoto@iskweb.co.jp
To:mas-yamamoto@iskweb.co.jp
Subject:[テスト環境]【設備管理システム通知】進捗通知
Body:[テスト環境]
通知内容：以下の工程に進捗が進みました。
案件名：小口CSフロー確認11
依頼ID：803035
原課担当部署：設備戦略G
原課担当者：富田　大輔

工程：所管部署担当確認
次部署：安全衛生･保安G
次作業者：山本真生

}
[INFO]	2022-06-17 15:32:37,809	info	[common_views.py:2724].mail_send:{
From:<設備管理システム通知:山本真生>mas-yamamoto@iskweb.co.jp
To:mas-yamamoto@iskweb.co.jp
Subject:[テスト環境]【設備管理システム通知】進捗通知
Body:[テスト環境]
通知内容：以下の工程に進捗が進みました。
案件名：小口CSフロー確認11
依頼ID：803035
原課担当部署：設備戦略G
原課担当者：富田　大輔

工程：所管部署担当確認
次部署：環境G
次作業者：山本真生

}
[INFO]	2022-06-17 16:35:33,928	info	[common_views.py:2724].mail_send:{
From:<設備管理システム通知:赤松俊彦>t-akamatsu@iskweb.co.jp
To:m-yosida@iskweb.co.jp
Subject:[テスト環境]【設備管理システム通知】所管部署の届出チェック完了
Body:[テスト環境]
通知内容：所管部署の届出チェックが完了しました。工事実施決済を行ってください。
案件名：小口CSフロー確認11
依頼ID：803035
原課担当部署：設備戦略G
原課担当者：富田　大輔

工程：工事実施決済
次部署：設備戦略G
次作業者：吉田勝

}
[INFO]	2022-06-17 16:36:26,395	info	[common_views.py:2724].mail_send:{
From:<設備管理システム通知:吉田勝>m-yosida@iskweb.co.jp
To:mas-yamamoto@iskweb.co.jp
Subject:[テスト環境]【設備管理システム通知】小口届出チェック完了
Body:[テスト環境]
通知内容：小口届出チェックが完了しました。小口依頼を行ってください。
案件名：小口CSフロー確認11
依頼ID：803035
原課担当部署：設備戦略G
原課担当者：富田　大輔

工程：小口依頼
次部署：設備戦略G
次作業者：山本真生

}
[INFO]	2022-06-20 09:26:50,394	info	[common_views.py:2724].mail_send:{
From:<設備管理システム通知:富田大輔>d-tomita@iskweb.co.jp
To:mas-yamamoto@iskweb.co.jp
Subject:[テスト環境]【設備管理システム通知】進捗通知
Body:[テスト環境]
通知内容：以下の工程に進捗が進みました。
案件名：小口CSフロー確認21
依頼ID：803037
原課担当部署：設備戦略G
原課担当者：富田　大輔

工程：小口CS法令施設確認
次部署：設備戦略G
次作業者：山本真生

}
[INFO]	2022-06-20 09:35:40,921	info	[common_views.py:2724].mail_send:{
From:<設備管理システム通知:岡良明>y-oka@iskweb.co.jp
To:mas-yamamoto@iskweb.co.jp
Subject:[テスト環境]【設備管理システム通知】進捗通知
Body:[テスト環境]
通知内容：以下の工程に進捗が進みました。
案件名：小口CSフロー確認21
依頼ID：803037
原課担当部署：設備戦略G
原課担当者：富田　大輔

工程：小口CS承認
次部署：設備戦略G
次作業者：山本真生

}
[INFO]	2022-06-20 09:36:57,951	info	[common_views.py:2724].mail_send:{
From:<設備管理システム通知:山本真生>mas-yamamoto@iskweb.co.jp
To:mas-yamamoto@iskweb.co.jp
Subject:[テスト環境]【設備管理システム通知】進捗通知
Body:[テスト環境]
通知内容：以下の工程に進捗が進みました。
案件名：小口CSフロー確認21
依頼ID：803037
原課担当部署：設備戦略G
原課担当者：富田　大輔

工程：所管部署担当確認
次部署：安全衛生･保安G
次作業者：山本真生

}
[INFO]	2022-06-20 09:36:58,185	info	[common_views.py:2724].mail_send:{
From:<設備管理システム通知:山本真生>mas-yamamoto@iskweb.co.jp
To:mas-yamamoto@iskweb.co.jp
Subject:[テスト環境]【設備管理システム通知】進捗通知
Body:[テスト環境]
通知内容：以下の工程に進捗が進みました。
案件名：小口CSフロー確認21
依頼ID：803037
原課担当部署：設備戦略G
原課担当者：富田　大輔

工程：所管部署担当確認
次部署：環境G
次作業者：山本真生

}
[INFO]	2022-06-20 09:41:16,523	info	[common_views.py:2724].mail_send:{
From:<設備管理システム通知:小倉豊久>t-ogura@iskweb.co.jp
To:m-yosida@iskweb.co.jp
Subject:[テスト環境]【設備管理システム通知】所管部署の届出チェック完了
Body:[テスト環境]
通知内容：所管部署の届出チェックが完了しました。工事実施決裁を行ってください。
案件名：小口CSフロー確認21
依頼ID：803037
原課担当部署：設備戦略G
原課担当者：富田　大輔

工程：工事実施決裁
次部署：設備戦略G
次作業者：吉田勝

}
[INFO]	2022-06-20 09:42:25,993	info	[common_views.py:2724].mail_send:{
From:<設備管理システム通知:吉田勝>m-yosida@iskweb.co.jp
To:mas-yamamoto@iskweb.co.jp
Subject:[テスト環境]【設備管理システム通知】小口届出チェック完了
Body:[テスト環境]
通知内容：小口届出チェックが完了しました。小口依頼を行ってください。
案件名：小口CSフロー確認21
依頼ID：803037
原課担当部署：設備戦略G
原課担当者：富田　大輔

工程：小口依頼
次部署：設備戦略G
次作業者：山本真生

}
[INFO]	2022-06-21 22:05:12,777	info	[common_views.py:2724].mail_send:{
From:<設備管理システム通知:富田大輔>d-tomita@iskweb.co.jp
To:mas-yamamoto@iskweb.co.jp
Subject:[テスト環境]【設備管理システム通知】進捗通知
Body:[テスト環境]
通知内容：以下の工程に進捗が進みました。
案件名：小口CSフロー確認32
依頼ID：803039
原課担当部署：設備戦略G
原課担当者：富田　大輔

工程：小口CS法令施設確認
次部署：設備戦略G
次作業者：山本真生

}
[INFO]	2022-06-21 22:29:36,748	info	[common_views.py:2724].mail_send:{
From:<設備管理システム通知:山本真生>mas-yamamoto@iskweb.co.jp
To:mas-yamamoto@iskweb.co.jp
Subject:[テスト環境]【設備管理システム通知】進捗通知
Body:[テスト環境]
通知内容：以下の工程に進捗が進みました。
案件名：小口CSフロー確認3
依頼ID：803034
原課担当部署：設備戦略G
原課担当者：山本　真生

工程：小口CS法令施設確認
次部署：設備戦略G
次作業者：山本真生

}
[INFO]	2022-06-21 22:31:04,954	info	[common_views.py:2724].mail_send:{
From:<設備管理システム通知:山本真生>mas-yamamoto@iskweb.co.jp
To:mas-yamamoto@iskweb.co.jp
Subject:[テスト環境]【設備管理システム通知】進捗通知
Body:[テスト環境]
通知内容：以下の工程に進捗が進みました。
案件名：小口CSフロー確認3
依頼ID：803034
原課担当部署：設備戦略G
原課担当者：山本　真生

工程：小口CS承認
次部署：設備戦略G
次作業者：山本真生

}
[INFO]	2022-06-21 22:32:03,297	info	[common_views.py:2724].mail_send:{
From:<設備管理システム通知:山本真生>mas-yamamoto@iskweb.co.jp
To:mas-yamamoto@iskweb.co.jp
Subject:[テスト環境]【設備管理システム通知】進捗通知
Body:[テスト環境]
通知内容：以下の工程に進捗が進みました。
案件名：小口CSフロー確認3
依頼ID：803034
原課担当部署：設備戦略G
原課担当者：山本　真生

工程：小口CS法令施設確認
次部署：設備戦略G
次作業者：山本真生

}
[INFO]	2022-06-21 22:33:19,442	info	[common_views.py:2724].mail_send:{
From:<設備管理システム通知:山本真生>mas-yamamoto@iskweb.co.jp
To:mas-yamamoto@iskweb.co.jp
Subject:[テスト環境]【設備管理システム通知】進捗通知
Body:[テスト環境]
通知内容：以下の工程に進捗が進みました。
案件名：小口CSフロー確認3
依頼ID：803034
原課担当部署：設備戦略G
原課担当者：山本　真生

工程：小口CS承認
次部署：設備戦略G
次作業者：山本真生

}
[INFO]	2022-06-22 04:52:02,881	info	[common_views.py:2724].mail_send:{
From:<設備管理システム通知:富田大輔>d-tomita@iskweb.co.jp
To:mas-yamamoto@iskweb.co.jp
Subject:[テスト環境]【設備管理システム通知】進捗通知
Body:[テスト環境]
通知内容：以下の工程に進捗が進みました。
案件名：小口CSフロー確認33
依頼ID：803040
原課担当部署：設備戦略G
原課担当者：富田　大輔

工程：小口CS法令施設確認
次部署：設備戦略G
次作業者：山本真生

}
[INFO]	2022-06-22 04:54:37,354	info	[common_views.py:2724].mail_send:{
From:<設備管理システム通知:山本真生>mas-yamamoto@iskweb.co.jp
To:mas-yamamoto@iskweb.co.jp
Subject:[テスト環境]【設備管理システム通知】進捗通知
Body:[テスト環境]
通知内容：以下の工程に進捗が進みました。
案件名：小口CSフロー確認33
依頼ID：803040
原課担当部署：設備戦略G
原課担当者：富田　大輔

工程：所管部署担当確認
次部署：安全衛生･保安G
次作業者：山本真生

}
[INFO]	2022-06-22 04:54:37,586	info	[common_views.py:2724].mail_send:{
From:<設備管理システム通知:山本真生>mas-yamamoto@iskweb.co.jp
To:mas-yamamoto@iskweb.co.jp
Subject:[テスト環境]【設備管理システム通知】進捗通知
Body:[テスト環境]
通知内容：以下の工程に進捗が進みました。
案件名：小口CSフロー確認33
依頼ID：803040
原課担当部署：設備戦略G
原課担当者：富田　大輔

工程：所管部署担当確認
次部署：環境G
次作業者：山本真生

}
[INFO]	2022-06-23 05:21:29,886	info	[common_views.py:2724].mail_send:{
From:<設備管理システム通知:山本真生>mas-yamamoto@iskweb.co.jp
To:mas-yamamoto@iskweb.co.jp
Subject:[テスト環境]【設備管理システム通知】進捗通知
Body:[テスト環境]
通知内容：以下の工程に進捗が進みました。
案件名：小口CSフロー確認34
依頼ID：803041
原課担当部署：設備戦略G
原課担当者：山本　真生

工程：小口CS法令施設確認
次部署：設備戦略G
次作業者：山本真生

}
[INFO]	2022-06-23 05:22:48,436	info	[common_views.py:2724].mail_send:{
From:<設備管理システム通知:山本真生>mas-yamamoto@iskweb.co.jp
To:user921@iskweb.co.jp
Subject:[テスト環境]【設備管理システム通知】小口届出チェック完了
Body:[テスト環境]
通知内容：小口届出チェックが完了しました。小口依頼を行ってください。
案件名：小口CSフロー確認34
依頼ID：803041
原課担当部署：設備戦略G
原課担当者：山本　真生

工程：小口依頼
次部署：調達G
次作業者：調達受付

}
[INFO]	2022-06-23 05:28:57,587	info	[common_views.py:2724].mail_send:{
From:<設備管理システム通知:山本真生>mas-yamamoto@iskweb.co.jp
To:mas-yamamoto@iskweb.co.jp
Subject:[テスト環境]【設備管理システム通知】進捗通知
Body:[テスト環境]
通知内容：以下の工程に進捗が進みました。
案件名：小口CSフロー確認35
依頼ID：803042
原課担当部署：設備戦略G
原課担当者：山本　真生

工程：小口CS法令施設確認
次部署：設備戦略G
次作業者：山本真生

}
[INFO]	2022-06-23 05:29:52,718	info	[common_views.py:2724].mail_send:{
From:<設備管理システム通知:山本真生>mas-yamamoto@iskweb.co.jp
To:mas-yamamoto@iskweb.co.jp
Subject:[テスト環境]【設備管理システム通知】進捗通知
Body:[テスト環境]
通知内容：以下の工程に進捗が進みました。
案件名：小口CSフロー確認35
依頼ID：803042
原課担当部署：設備戦略G
原課担当者：山本　真生

工程：小口CS承認
次部署：設備戦略G
次作業者：山本真生

}
[INFO]	2022-06-23 05:31:35,661	info	[common_views.py:2724].mail_send:{
From:<設備管理システム通知:山本真生>mas-yamamoto@iskweb.co.jp
To:mas-yamamoto@iskweb.co.jp
Subject:[テスト環境]【設備管理システム通知】進捗通知
Body:[テスト環境]
通知内容：以下の工程に進捗が進みました。
案件名：小口CSフロー確認35
依頼ID：803042
原課担当部署：設備戦略G
原課担当者：山本　真生

工程：小口CS法令施設確認
次部署：設備戦略G
次作業者：山本真生

}
[INFO]	2022-06-23 05:32:00,376	info	[common_views.py:2724].mail_send:{
From:<設備管理システム通知:山本真生>mas-yamamoto@iskweb.co.jp
To:mas-yamamoto@iskweb.co.jp
Subject:[テスト環境]【設備管理システム通知】進捗通知
Body:[テスト環境]
通知内容：以下の工程に進捗が進みました。
案件名：小口CSフロー確認35
依頼ID：803042
原課担当部署：設備戦略G
原課担当者：山本　真生

工程：所管部署担当確認
次部署：安全衛生･保安G
次作業者：山本真生

}
[INFO]	2022-06-23 05:32:00,650	info	[common_views.py:2724].mail_send:{
From:<設備管理システム通知:山本真生>mas-yamamoto@iskweb.co.jp
To:mas-yamamoto@iskweb.co.jp
Subject:[テスト環境]【設備管理システム通知】進捗通知
Body:[テスト環境]
通知内容：以下の工程に進捗が進みました。
案件名：小口CSフロー確認35
依頼ID：803042
原課担当部署：設備戦略G
原課担当者：山本　真生

工程：所管部署担当確認
次部署：環境G
次作業者：山本真生

}
[INFO]	2022-06-23 05:34:33,559	info	[common_views.py:2724].mail_send:{
From:<設備管理システム通知:山本真生>mas-yamamoto@iskweb.co.jp
To:mas-yamamoto@iskweb.co.jp
Subject:[テスト環境]【設備管理システム通知】進捗通知
Body:[テスト環境]
通知内容：以下の工程に進捗が進みました。
案件名：小口CSフロー確認36
依頼ID：803043
原課担当部署：設備戦略G
原課担当者：山本　真生

工程：小口CS法令施設確認
次部署：設備戦略G
次作業者：山本真生

}
[INFO]	2022-06-23 05:35:19,195	info	[common_views.py:2724].mail_send:{
From:<設備管理システム通知:山本真生>mas-yamamoto@iskweb.co.jp
To:mas-yamamoto@iskweb.co.jp
Subject:[テスト環境]【設備管理システム通知】進捗通知
Body:[テスト環境]
通知内容：以下の工程に進捗が進みました。
案件名：小口CSフロー確認36
依頼ID：803043
原課担当部署：設備戦略G
原課担当者：山本　真生

工程：所管部署担当確認
次部署：安全衛生･保安G
次作業者：山本真生

}
[INFO]	2022-06-24 05:16:23,995	info	[common_views.py:2724].mail_send:{
From:<設備管理システム通知:富田大輔>d-tomita@iskweb.co.jp
To:mas-yamamoto@iskweb.co.jp
Subject:[テスト環境]【設備管理システム通知】進捗通知
Body:[テスト環境]
通知内容：以下の工程に進捗が進みました。
案件名：小口CSフロー確認37
依頼ID：803044
原課担当部署：設備戦略G
原課担当者：富田　大輔

工程：小口CS法令施設確認
次部署：設備戦略G
次作業者：山本真生

}
[INFO]	2022-06-24 11:45:40,913	info	[common_views.py:2724].mail_send:{
From:<設備管理システム通知:山本真生>mas-yamamoto@iskweb.co.jp
To:h-nagahari@iskweb.co.jp
Subject:[テスト環境]【設備管理システム通知】進捗通知
Body:[テスト環境]
通知内容：以下の工程に進捗が進みました。
案件名：小口CSフロー確認38
依頼ID：803048
原課担当部署：設備戦略G
原課担当者：山本　真生

工程：小口CS法令施設確認
次部署：設備戦略G
次作業者：長張広幸

}
[INFO]	2022-06-24 12:16:35,558	info	[common_views.py:2724].mail_send:{
From:<設備管理システム通知:山本真生>mas-yamamoto@iskweb.co.jp
To:mas-yamamoto@iskweb.co.jp
Subject:[テスト環境]【設備管理システム通知】進捗通知
Body:[テスト環境]
通知内容：以下の工程に進捗が進みました。
案件名：小口CSフロー確認3
依頼ID：803034
原課担当部署：設備戦略G
原課担当者：山本　真生

工程：小口CS法令施設確認
次部署：設備戦略G
次作業者：山本真生

}
[INFO]	2022-06-24 12:16:57,092	info	[common_views.py:2724].mail_send:{
From:<設備管理システム通知:山本真生>mas-yamamoto@iskweb.co.jp
To:mas-yamamoto@iskweb.co.jp
Subject:[テスト環境]【設備管理システム通知】進捗通知
Body:[テスト環境]
通知内容：以下の工程に進捗が進みました。
案件名：小口CSフロー確認3
依頼ID：803034
原課担当部署：設備戦略G
原課担当者：山本　真生

工程：小口CS承認
次部署：設備戦略G
次作業者：山本真生

}
[INFO]	2022-06-24 12:17:45,928	info	[common_views.py:2724].mail_send:{
From:<設備管理システム通知:山本真生>mas-yamamoto@iskweb.co.jp
To:mas-yamamoto@iskweb.co.jp
Subject:[テスト環境]【設備管理システム通知】小口届出チェック完了
Body:[テスト環境]
通知内容：小口届出チェックが完了しました。小口依頼を行ってください。
案件名：小口CSフロー確認32
依頼ID：803039
原課担当部署：設備戦略G
原課担当者：富田　大輔

工程：小口依頼
次部署：設備戦略G
次作業者：山本真生

}
[INFO]	2022-06-24 12:24:45,348	info	[common_views.py:2724].mail_send:{
From:<設備管理システム通知:山本真生>mas-yamamoto@iskweb.co.jp
To:mas-yamamoto@iskweb.co.jp
Subject:[テスト環境]【設備管理システム通知】進捗通知
Body:[テスト環境]
通知内容：以下の工程に進捗が進みました。
案件名：小口CSフロー確認3
依頼ID：803034
原課担当部署：設備戦略G
原課担当者：山本　真生

工程：小口CS法令施設確認
次部署：設備戦略G
次作業者：山本真生

}
[INFO]	2022-06-24 13:51:15,896	info	[notice_mail_views.py:37].mail_send:{
From:<設備管理システム通知:長張広幸>h-nagahari@iskweb.co.jp
To:h-nagahari@iskweb.co.jp
Subject:[テスト環境]【設備管理システム通知：故障対応】進捗通知（803047:メール通知機能動作確認3）
Body:[テスト環境]
通知内容：以下の工程に進捗が進みました。 

進捗状況
工程：小口CS承認
次部署：業務管理システムG
次作業者：長張広幸

案件情報
案件名：メール通知機能動作確認3
依頼ID：803047
原課担当部署：業務管理システムG
原課担当者：長張　広幸
工場：植物ﾎﾙﾓﾝ包装場
工事/依頼内容：
メール通知機能動作確認3}
[INFO]	2022-06-27 15:06:27,148	info	[notice_mail_views.py:37].mail_send:{
From:<設備管理システム通知:山本真生>mas-yamamoto@iskweb.co.jp
To:mas-yamamoto@iskweb.co.jp
Subject:[テスト環境]【設備管理システム通知：故障対応】進捗通知（803050:小口CSフロー確認38）
Body:[テスト環境]
通知内容：以下の工程に進捗が進みました。 

進捗状況
工程：小口CS法令施設確認
次部署：設備戦略G
次作業者：山本真生

案件情報
案件名：小口CSフロー確認38
依頼ID：803050
原課担当部署：設備戦略G
原課担当者：山本　真生
工場：事務所関係
工事/依頼内容：
工事/依頼内容}
[INFO]	2022-06-27 15:07:12,610	info	[notice_mail_views.py:37].mail_send:{
From:<設備管理システム通知:山本真生>mas-yamamoto@iskweb.co.jp
To:mas-yamamoto@iskweb.co.jp
Subject:[テスト環境]【設備管理システム通知：故障対応】進捗通知（803050:小口CSフロー確認38）
Body:[テスト環境]
通知内容：以下の工程に進捗が進みました。 

進捗状況
工程：所管部署担当確認
次部署：安全衛生･保安G
次作業者：山本真生

案件情報
案件名：小口CSフロー確認38
依頼ID：803050
原課担当部署：設備戦略G
原課担当者：山本　真生
工場：事務所関係
工事/依頼内容：
工事/依頼内容}
[INFO]	2022-06-27 15:12:40,090	info	[notice_mail_views.py:37].mail_send:{
From:<設備管理システム通知:小倉豊久>t-ogura@iskweb.co.jp
To:mas-yamamoto@iskweb.co.jp
Subject:[テスト環境]【設備管理システム通知：故障対応】所管部署の届出チェック完了（803050:小口CSフロー確認38）
Body:[テスト環境]
通知内容：所管部署の届出チェックが完了しました。工事実施決裁を行ってください。 

進捗状況
工程：工事実施決裁
次部署：設備戦略G
次作業者：山本真生

案件情報
案件名：小口CSフロー確認38
依頼ID：803050
原課担当部署：設備戦略G
原課担当者：山本　真生
工場：事務所関係
工事/依頼内容：
工事/依頼内容}
[INFO]	2022-06-27 15:13:25,239	info	[notice_mail_views.py:37].mail_send:{
From:<設備管理システム通知:吉田勝>m-yosida@iskweb.co.jp
To:mas-yamamoto@iskweb.co.jp
Subject:[テスト環境]【設備管理システム通知：故障対応】小口工事実施前チェック完了（803050:小口CSフロー確認38）
Body:[テスト環境]
通知内容：小口工事実施前チェックが完了しました。 

進捗状況
工程：小口依頼
次部署：設備戦略G
次作業者：山本真生

案件情報
案件名：小口CSフロー確認38
依頼ID：803050
原課担当部署：設備戦略G
原課担当者：山本　真生
工場：事務所関係
工事/依頼内容：
工事/依頼内容}
[INFO]	2022-06-27 15:13:25,372	info	[notice_mail_views.py:37].mail_send:{
From:<設備管理システム通知:吉田勝>m-yosida@iskweb.co.jp
To:mas-yamamoto@iskweb.co.jp
Subject:[テスト環境]【設備管理システム通知：故障対応】小口工事実施前チェック完了（803050:小口CSフロー確認38）
Body:[テスト環境]
通知内容：小口工事実施前チェックが完了しました。小口依頼を行ってください。 

進捗状況
工程：小口依頼
次部署：設備戦略G
次作業者：山本真生

案件情報
案件名：小口CSフロー確認38
依頼ID：803050
原課担当部署：設備戦略G
原課担当者：山本　真生
工場：事務所関係
工事/依頼内容：
工事/依頼内容}
[INFO]	2022-06-29 11:45:05,904	info	[notice_mail_views.py:39].mail_send:{
From:<設備管理システム通知:山本真生>mas-yamamoto@iskweb.co.jp
To:mas-yamamoto@iskweb.co.jp
Subject:[テスト環境]【設備管理システム通知：故障対応】小口工事実施前チェック完了（802915:対応方針メール作成異常調査用データ）
Body:[テスト環境]
通知内容：小口工事実施前チェックが完了しました。 

進捗状況
工程：小口依頼
次部署：調達G
次作業者：長張広幸

案件情報
案件名：対応方針メール作成異常調査用データ
依頼ID：802915
原課担当部署：工事企画G
原課担当者：長張　広幸
工場：合四工場
工事/依頼内容：
テストテストテストテストテストテスト
テストテストテストテストテストテスト
テス}
[INFO]	2022-06-29 11:45:06,261	info	[notice_mail_views.py:39].mail_send:{
From:<設備管理システム通知:山本真生>mas-yamamoto@iskweb.co.jp
To:h-nagahari@iskweb.co.jp
Subject:[テスト環境]【設備管理システム通知：故障対応】小口工事実施前チェック完了（802915:対応方針メール作成異常調査用データ）
Body:[テスト環境]
通知内容：小口工事実施前チェックが完了しました。小口依頼を行ってください。 

進捗状況
工程：小口依頼
次部署：調達G
次作業者：長張広幸

案件情報
案件名：対応方針メール作成異常調査用データ
依頼ID：802915
原課担当部署：工事企画G
原課担当者：長張　広幸
工場：合四工場
工事/依頼内容：
テストテストテストテストテストテスト
テストテストテストテストテストテスト
テス}
[INFO]	2022-07-13 09:12:35,164	info	[notice_mail_views.py:39].mail_send:{
From:<設備管理システム通知:川内雄貴>y-kawauchi@iskweb.co.jp
To:mas-yamamoto@iskweb.co.jp
Subject:[テスト環境]【設備管理システム通知：故障対応】進捗通知（803052:メール送信機能確認）
Body:[テスト環境]
通知内容：以下の工程に進捗が進みました。 

進捗状況
工程：小口CS法令施設確認
次部署：業務管理システムG
次作業者：山本真生

案件情報
案件名：メール送信機能確認
依頼ID：803052
原課担当部署：業務管理システムG
原課担当者：川内　雄貴
工場：U-400
工事/依頼内容：
メール送信機能}
[INFO]	2022-07-14 09:25:56,165	info	[notice_mail_views.py:39].mail_send:{
From:<設備管理システム通知:葛山健>ke-katsurayama@iskweb.co.jp
To:ke-katsurayama@iskweb.co.jp
Subject:[テスト環境]【設備管理システム通知：故障対応】進捗通知（803034:小口CSフロー確認3）
Body:[テスト環境]
通知内容：以下の工程に進捗が進みました。 

進捗状況
工程：小口CS承認
次部署：設備戦略G
次作業者：葛山健

案件情報
案件名：小口CSフロー確認3
依頼ID：803034
原課担当部署：設備戦略G
原課担当者：山本　真生
工場：事務所関係
工事/依頼内容：
工事/依頼内容}
[INFO]	2022-07-14 09:32:24,364	info	[notice_mail_views.py:39].mail_send:{
From:<設備管理システム通知:葛山健>ke-katsurayama@iskweb.co.jp
To:ke-katsurayama@iskweb.co.jp
Subject:[テスト環境]【設備管理システム通知：故障対応】進捗通知（803034:小口CSフロー確認3）
Body:[テスト環境]
通知内容：以下の工程に進捗が進みました。 

進捗状況
工程：小口CS法令施設確認
次部署：工事企画G
次作業者：葛山健

案件情報
案件名：小口CSフロー確認3
依頼ID：803034
原課担当部署：設備戦略G
原課担当者：山本　真生
工場：事務所関係
工事/依頼内容：
工事/依頼内容}
[INFO]	2022-08-04 16:40:18,053	info	[notice_mail_views.py:39].mail_send:{
From:<設備管理システム通知:葛山健>ke-katsurayama@iskweb.co.jp
To:mas-yamamoto@iskweb.co.jp
Subject:[テスト環境]【設備管理システム通知：故障対応】進捗通知（803014:メールテストテ4スト）
Body:[テスト環境]
通知内容：以下の工程に進捗が進みました。 

進捗状況
工程：小口CS法令施設確認
次部署：工事企画G
次作業者：山本真生

案件情報
案件名：メールテストテ4スト
依頼ID：803014
原課担当部署：工事企画G
原課担当者：葛山　健
工場：合五工場
工事/依頼内容：
テスト}
[INFO]	2022-08-30 16:46:41,926	info	[notice_mail_views.py:39].mail_send:{
From:<設備管理システム通知:川内雄貴>y-kawauchi@iskweb.co.jp
To:mas-yamamoto@iskweb.co.jp
Subject:[テスト環境]【設備管理システム通知：故障対応】進捗通知（803055:MCFrame連携テストデータ）
Body:[テスト環境]
通知内容：以下の工程に進捗が進みました。 

進捗状況
工程：小口CS法令施設確認
次部署：業務管理システムG
次作業者：山本真生

案件情報
案件名：MCFrame連携テストデータ
依頼ID：803055
原課担当部署：業務管理システムG
原課担当者：川内　雄貴
工場：第二実験室
工事/依頼内容：
MCFrame連携テストデータ}
[INFO]	2022-08-30 16:50:31,259	info	[notice_mail_views.py:39].mail_send:{
From:<設備管理システム通知:川内雄貴>y-kawauchi@iskweb.co.jp
To:y-kawauchi@iskweb.co.jp
Subject:[テスト環境]【設備管理システム通知：故障対応】小口工事実施前チェック完了（803055:MCFrame連携テストデータ）
Body:[テスト環境]
通知内容：小口工事実施前チェックが完了しました。 

進捗状況
工程：小口依頼
次部署：調達G
次作業者：川内雄貴

案件情報
案件名：MCFrame連携テストデータ
依頼ID：803055
原課担当部署：業務管理システムG
原課担当者：川内　雄貴
工場：第二実験室
工事/依頼内容：
MCFrame連携テストデータ}
[INFO]	2022-08-30 16:50:31,394	info	[notice_mail_views.py:39].mail_send:{
From:<設備管理システム通知:川内雄貴>y-kawauchi@iskweb.co.jp
To:y-kawauchi@iskweb.co.jp
Subject:[テスト環境]【設備管理システム通知：故障対応】小口工事実施前チェック完了（803055:MCFrame連携テストデータ）
Body:[テスト環境]
通知内容：小口工事実施前チェックが完了しました。小口依頼を行ってください。 

進捗状況
工程：小口依頼
次部署：調達G
次作業者：川内雄貴

案件情報
案件名：MCFrame連携テストデータ
依頼ID：803055
原課担当部署：業務管理システムG
原課担当者：川内　雄貴
工場：第二実験室
工事/依頼内容：
MCFrame連携テストデータ}
[INFO]	2022-09-05 08:41:50,960	info	[notice_mail_views.py:39].mail_send:{
From:<設備管理システム通知:葛山健>ke-katsurayama@iskweb.co.jp
To:ke-katsurayama@iskweb.co.jp
Subject:[テスト環境]【設備管理システム通知：故障対応】小口工事実施前チェック完了（803014:メールテストテ）
Body:[テスト環境]
通知内容：小口工事実施前チェックが完了しました。 

進捗状況
工程：検査･診断/方針決定
次部署：保全G
次作業者：春日部真人

案件情報
案件名：メールテストテ
依頼ID：803014
原課担当部署：工事企画G
原課担当者：葛山　健
工場：合五工場
工事/依頼内容：
テスト}
[INFO]	2022-09-05 09:07:46,434	info	[notice_mail_views.py:39].mail_send:{
From:<設備管理システム通知:葛山健>ke-katsurayama@iskweb.co.jp
To:mas-yamamoto@iskweb.co.jp
Subject:[テスト環境]【設備管理システム通知：故障対応】進捗通知（803056:ログテスト）
Body:[テスト環境]
通知内容：以下の工程に進捗が進みました。 

進捗状況
工程：小口CS法令施設確認
次部署：工事企画G
次作業者：山本真生

案件情報
案件名：ログテスト
依頼ID：803056
原課担当部署：工事企画G
原課担当者：葛山　健
工場：植物ﾎﾙﾓﾝ包装場
工事/依頼内容：
ログテスト}
[INFO]	2022-09-05 09:10:35,032	info	[notice_mail_views.py:39].mail_send:{
From:<設備管理システム通知:葛山健>ke-katsurayama@iskweb.co.jp
To:mas-yamamoto@iskweb.co.jp
Subject:[テスト環境]【設備管理システム通知：故障対応】進捗通知（803057:ログテスト　法令非該当）
Body:[テスト環境]
通知内容：以下の工程に進捗が進みました。 

進捗状況
工程：小口CS法令施設確認
次部署：工事企画G
次作業者：山本真生

案件情報
案件名：ログテスト　法令非該当
依頼ID：803057
原課担当部署：工事企画G
原課担当者：葛山　健
工場：合五工場
工事/依頼内容：
ログテスト　法令非該当}
[INFO]	2022-09-05 09:28:02,230	info	[notice_mail_views.py:39].mail_send:{
From:<設備管理システム通知:葛山健>ke-katsurayama@iskweb.co.jp
To:ke-katsurayama@iskweb.co.jp
Subject:[テスト環境]【設備管理システム通知：故障対応】小口工事実施前チェック完了（803057:ログテスト　法令非該当）
Body:[テスト環境]
通知内容：小口工事実施前チェックが完了しました。 

進捗状況
工程：小口依頼
次部署：工事企画G
次作業者：葛山健

案件情報
案件名：ログテスト　法令非該当
依頼ID：803057
原課担当部署：工事企画G
原課担当者：葛山　健
工場：合五工場
工事/依頼内容：
ログテスト　法令非該当}
[INFO]	2022-09-05 09:28:02,376	info	[notice_mail_views.py:39].mail_send:{
From:<設備管理システム通知:葛山健>ke-katsurayama@iskweb.co.jp
To:ke-katsurayama@iskweb.co.jp
Subject:[テスト環境]【設備管理システム通知：故障対応】小口工事実施前チェック完了（803057:ログテスト　法令非該当）
Body:[テスト環境]
通知内容：小口工事実施前チェックが完了しました。小口依頼を行ってください。 

進捗状況
工程：小口依頼
次部署：工事企画G
次作業者：葛山健

案件情報
案件名：ログテスト　法令非該当
依頼ID：803057
原課担当部署：工事企画G
原課担当者：葛山　健
工場：合五工場
工事/依頼内容：
ログテスト　法令非該当}
[INFO]	2022-09-05 09:29:46,904	info	[notice_mail_views.py:39].mail_send:{
From:<設備管理システム通知:葛山健>ke-katsurayama@iskweb.co.jp
To:ke-katsurayama@iskweb.co.jp
Subject:[テスト環境]【設備管理システム通知：故障対応】小口工事実施前チェック完了（803057:ログテスト　法令非該当）
Body:[テスト環境]
通知内容：小口工事実施前チェックが完了しました。 

進捗状況
工程：小口依頼
次部署：工事企画G
次作業者：葛山健

案件情報
案件名：ログテスト　法令非該当
依頼ID：803057
原課担当部署：工事企画G
原課担当者：葛山　健
工場：合五工場
工事/依頼内容：
ログテスト　法令非該当}
[INFO]	2022-09-05 09:29:47,047	info	[notice_mail_views.py:39].mail_send:{
From:<設備管理システム通知:葛山健>ke-katsurayama@iskweb.co.jp
To:ke-katsurayama@iskweb.co.jp
Subject:[テスト環境]【設備管理システム通知：故障対応】小口工事実施前チェック完了（803057:ログテスト　法令非該当）
Body:[テスト環境]
通知内容：小口工事実施前チェックが完了しました。小口依頼を行ってください。 

進捗状況
工程：小口依頼
次部署：工事企画G
次作業者：葛山健

案件情報
案件名：ログテスト　法令非該当
依頼ID：803057
原課担当部署：工事企画G
原課担当者：葛山　健
工場：合五工場
工事/依頼内容：
ログテスト　法令非該当}
[INFO]	2022-12-22 15:29:45,125	info	[notice_mail_views.py:39].mail_send:{
From:<設備管理システム通知:葛山健>ke-katsurayama@iskweb.co.jp
To:mas-yamamoto@iskweb.co.jp
Subject:[テスト環境]【設備管理システム通知：故障対応】進捗通知（810214:MCF接続テスト_01）
Body:[テスト環境]
通知内容：以下の工程に進捗が進みました。 

進捗状況
工程：小口CS法令施設確認
次部署：設備戦略G
次作業者：山本真生

案件情報
案件名：MCF接続テスト_01
依頼ID：810214
原課担当部署：設備戦略G
原課担当者：葛山　健
工場：第二実験室
工事/依頼内容：
	
MCF接続テスト_01}
[INFO]	2022-12-22 17:44:23,845	info	[notice_mail_views.py:39].mail_send:{
From:<設備管理システム通知:葛山健>ke-katsurayama@iskweb.co.jp
To:ke-katsurayama@iskweb.co.jp
Subject:[テスト環境]【設備管理システム通知：故障対応】小口工事実施前チェック完了（810214:MCF接続テスト_01）
Body:[テスト環境]
通知内容：小口工事実施前チェックが完了しました。 

進捗状況
工程：小口依頼
次部署：設備戦略G
次作業者：葛山健

案件情報
案件名：MCF接続テスト_01
依頼ID：810214
原課担当部署：設備戦略G
原課担当者：葛山　健
工場：第二実験室
工事/依頼内容：
	
MCF接続テスト_01}
[INFO]	2022-12-22 17:44:23,976	info	[notice_mail_views.py:39].mail_send:{
From:<設備管理システム通知:葛山健>ke-katsurayama@iskweb.co.jp
To:ke-katsurayama@iskweb.co.jp
Subject:[テスト環境]【設備管理システム通知：故障対応】小口工事実施前チェック完了（810214:MCF接続テスト_01）
Body:[テスト環境]
通知内容：小口工事実施前チェックが完了しました。小口依頼を行ってください。 

進捗状況
工程：小口依頼
次部署：設備戦略G
次作業者：葛山健

案件情報
案件名：MCF接続テスト_01
依頼ID：810214
原課担当部署：設備戦略G
原課担当者：葛山　健
工場：第二実験室
工事/依頼内容：
	
MCF接続テスト_01}
[INFO]	2022-12-22 17:54:37,107	info	[notice_mail_views.py:39].mail_send:{
From:<設備管理システム通知:葛山健>ke-katsurayama@iskweb.co.jp
To:mas-yamamoto@iskweb.co.jp
Subject:[テスト環境]【設備管理システム通知：故障対応】進捗通知（810215:MCF接続テスト_02）
Body:[テスト環境]
通知内容：以下の工程に進捗が進みました。 

進捗状況
工程：小口CS法令施設確認
次部署：設備戦略G
次作業者：山本真生

案件情報
案件名：MCF接続テスト_02
依頼ID：810215
原課担当部署：設備戦略G
原課担当者：葛山　健
工場：合五工場
工事/依頼内容：
MCF接続テスト_02}
[INFO]	2022-12-22 17:54:59,723	info	[notice_mail_views.py:39].mail_send:{
From:<設備管理システム通知:葛山健>ke-katsurayama@iskweb.co.jp
To:ke-katsurayama@iskweb.co.jp
Subject:[テスト環境]【設備管理システム通知：故障対応】小口工事実施前チェック完了（810215:MCF接続テスト_02）
Body:[テスト環境]
通知内容：小口工事実施前チェックが完了しました。 

進捗状況
工程：小口依頼
次部署：調達G
次作業者：川瀬静香

案件情報
案件名：MCF接続テスト_02
依頼ID：810215
原課担当部署：設備戦略G
原課担当者：葛山　健
工場：合五工場
工事/依頼内容：
MCF接続テスト_02}
[INFO]	2022-12-22 17:54:59,845	info	[notice_mail_views.py:39].mail_send:{
From:<設備管理システム通知:葛山健>ke-katsurayama@iskweb.co.jp
To:sh-kawase@iskweb.co.jp
Subject:[テスト環境]【設備管理システム通知：故障対応】小口工事実施前チェック完了（810215:MCF接続テスト_02）
Body:[テスト環境]
通知内容：小口工事実施前チェックが完了しました。小口依頼を行ってください。 

進捗状況
工程：小口依頼
次部署：調達G
次作業者：川瀬静香

案件情報
案件名：MCF接続テスト_02
依頼ID：810215
原課担当部署：設備戦略G
原課担当者：葛山　健
工場：合五工場
工事/依頼内容：
MCF接続テスト_02}
[INFO]	2022-12-23 07:28:47,841	info	[notice_mail_views.py:39].mail_send:{
From:<設備管理システム通知:葛山健>ke-katsurayama@iskweb.co.jp
To:mas-yamamoto@iskweb.co.jp
Subject:[テスト環境]【設備管理システム通知：故障対応】進捗通知（810216:MCF接続ﾃｽﾄ_03）
Body:[テスト環境]
通知内容：以下の工程に進捗が進みました。 

進捗状況
工程：小口CS法令施設確認
次部署：設備戦略G
次作業者：山本真生

案件情報
案件名：MCF接続ﾃｽﾄ_03
依頼ID：810216
原課担当部署：設備戦略G
原課担当者：葛山　健
工場：第二実験室
工事/依頼内容：
MCF接続ﾃｽﾄ_03}
[INFO]	2022-12-23 07:30:59,165	info	[notice_mail_views.py:39].mail_send:{
From:<設備管理システム通知:葛山健>ke-katsurayama@iskweb.co.jp
To:ke-katsurayama@iskweb.co.jp
Subject:[テスト環境]【設備管理システム通知：故障対応】小口工事実施前チェック完了（810216:MCF接続ﾃｽﾄ_03）
Body:[テスト環境]
通知内容：小口工事実施前チェックが完了しました。 

進捗状況
工程：小口依頼
次部署：調達G
次作業者：川瀬静香

案件情報
案件名：MCF接続ﾃｽﾄ_03
依頼ID：810216
原課担当部署：設備戦略G
原課担当者：葛山　健
工場：第二実験室
工事/依頼内容：
MCF接続ﾃｽﾄ_03}
[INFO]	2022-12-23 07:30:59,299	info	[notice_mail_views.py:39].mail_send:{
From:<設備管理システム通知:葛山健>ke-katsurayama@iskweb.co.jp
To:sh-kawase@iskweb.co.jp
Subject:[テスト環境]【設備管理システム通知：故障対応】小口工事実施前チェック完了（810216:MCF接続ﾃｽﾄ_03）
Body:[テスト環境]
通知内容：小口工事実施前チェックが完了しました。小口依頼を行ってください。 

進捗状況
工程：小口依頼
次部署：調達G
次作業者：川瀬静香

案件情報
案件名：MCF接続ﾃｽﾄ_03
依頼ID：810216
原課担当部署：設備戦略G
原課担当者：葛山　健
工場：第二実験室
工事/依頼内容：
MCF接続ﾃｽﾄ_03}
[INFO]	2022-12-23 07:47:49,866	info	[notice_mail_views.py:39].mail_send:{
From:<設備管理システム通知:葛山健>ke-katsurayama@iskweb.co.jp
To:mas-yamamoto@iskweb.co.jp
Subject:[テスト環境]【設備管理システム通知：故障対応】進捗通知（810217:MCF接続ﾃｽﾄ_04）
Body:[テスト環境]
通知内容：以下の工程に進捗が進みました。 

進捗状況
工程：小口CS法令施設確認
次部署：設備戦略G
次作業者：山本真生

案件情報
案件名：MCF接続ﾃｽﾄ_04
依頼ID：810217
原課担当部署：設備戦略G
原課担当者：葛山　健
工場：用水
工事/依頼内容：
MCF接続ﾃｽﾄ_04}
[INFO]	2022-12-23 07:55:28,284	info	[notice_mail_views.py:39].mail_send:{
From:<設備管理システム通知:葛山健>ke-katsurayama@iskweb.co.jp
To:ke-katsurayama@iskweb.co.jp
Subject:[テスト環境]【設備管理システム通知：故障対応】小口工事実施前チェック完了（810217:MCF接続ﾃｽﾄ_04）
Body:[テスト環境]
通知内容：小口工事実施前チェックが完了しました。 

進捗状況
工程：小口依頼
次部署：設備戦略G
次作業者：葛山健

案件情報
案件名：MCF接続ﾃｽﾄ_04
依頼ID：810217
原課担当部署：設備戦略G
原課担当者：葛山　健
工場：用水
工事/依頼内容：
MCF接続ﾃｽﾄ_04}
[INFO]	2022-12-23 07:55:28,409	info	[notice_mail_views.py:39].mail_send:{
From:<設備管理システム通知:葛山健>ke-katsurayama@iskweb.co.jp
To:ke-katsurayama@iskweb.co.jp
Subject:[テスト環境]【設備管理システム通知：故障対応】小口工事実施前チェック完了（810217:MCF接続ﾃｽﾄ_04）
Body:[テスト環境]
通知内容：小口工事実施前チェックが完了しました。小口依頼を行ってください。 

進捗状況
工程：小口依頼
次部署：設備戦略G
次作業者：葛山健

案件情報
案件名：MCF接続ﾃｽﾄ_04
依頼ID：810217
原課担当部署：設備戦略G
原課担当者：葛山　健
工場：用水
工事/依頼内容：
MCF接続ﾃｽﾄ_04}
